# JRE version: OpenJDK Runtime Environment (21.0.8) (build 21.0.8+-14196175-b1038.72)
# Java VM: OpenJDK 64-Bit Server VM (21.0.8+-14196175-b1038.72, mixed mode, tiered, compressed oops, compressed class ptrs, g1 gc, windows-amd64)
GC Precious Log:
 CardTable entry size: 512
 Card Set container configuration: InlinePtr #cards 5 size 8 Array Of Cards #cards 12 size 40 Howl #buckets 4 coarsen threshold 1843 Howl Bitmap #cards 512 size 80 coarsen threshold 460 Card regions per heap region 1 cards per card region 2048
 CPUs: 4 total, 4 available
 Memory: 6093M
 Large Page Support: Disabled
 NUMA Support: Disabled
 Compressed Oops: Enabled (32-bit)
 Heap Region Size: 1M
 Heap Min Capacity: 8M
 Heap Initial Capacity: 96M
 Heap Max Capacity: 1524M
 Pre-touch: Disabled
 Parallel Workers: 4
 Concurrent Workers: 1
 Concurrent Refinement Workers: 4
 Periodic GC: Disabled
Heap:
 garbage-first heap   total 68608K, used 50300K [0x00000000a0c00000, 0x0000000100000000)
  region size 1024K, 10 young (10240K), 2 survivors (2048K)
 Metaspace       used 56578K, committed 56896K, reserved 1114112K
  class space    used 6688K, committed 6848K, reserved 1048576K
GC Heap History (20 events):
Event: 19.022 GC heap before
{Heap before GC invocations=15 (full 0):
 garbage-first heap   total 35840K, used 30943K [0x00000000a0c00000, 0x0000000100000000)
  region size 1024K, 10 young (10240K), 1 survivors (1024K)
 Metaspace       used 47654K, committed 47872K, reserved 1114112K
  class space    used 5623K, committed 5696K, reserved 1048576K
}
Event: 19.031 GC heap after
{Heap after GC invocations=16 (full 0):
 garbage-first heap   total 35840K, used 22215K [0x00000000a0c00000, 0x0000000100000000)
  region size 1024K, 2 young (2048K), 2 survivors (2048K)
 Metaspace       used 47654K, committed 47872K, reserved 1114112K
  class space    used 5623K, committed 5696K, reserved 1048576K
}
Event: 19.447 GC heap before
{Heap before GC invocations=16 (full 0):
 garbage-first heap   total 35840K, used 28359K [0x00000000a0c00000, 0x0000000100000000)
  region size 1024K, 9 young (9216K), 2 survivors (2048K)
 Metaspace       used 48954K, committed 49152K, reserved 1114112K
  class space    used 5760K, committed 5824K, reserved 1048576K
}
Event: 19.455 GC heap after
{Heap after GC invocations=17 (full 0):
 garbage-first heap   total 35840K, used 23341K [0x00000000a0c00000, 0x0000000100000000)
  region size 1024K, 2 young (2048K), 2 survivors (2048K)
 Metaspace       used 48954K, committed 49152K, reserved 1114112K
  class space    used 5760K, committed 5824K, reserved 1048576K
}
Event: 19.926 GC heap before
{Heap before GC invocations=18 (full 0):
 garbage-first heap   total 39936K, used 30509K [0x00000000a0c00000, 0x0000000100000000)
  region size 1024K, 9 young (9216K), 2 survivors (2048K)
 Metaspace       used 49164K, committed 49408K, reserved 1114112K
  class space    used 5771K, committed 5888K, reserved 1048576K
}
Event: 19.939 GC heap after
{Heap after GC invocations=19 (full 0):
 garbage-first heap   total 39936K, used 26086K [0x00000000a0c00000, 0x0000000100000000)
  region size 1024K, 2 young (2048K), 2 survivors (2048K)
 Metaspace       used 49164K, committed 49408K, reserved 1114112K
  class space    used 5771K, committed 5888K, reserved 1048576K
}
Event: 20.237 GC heap before
{Heap before GC invocations=19 (full 0):
 garbage-first heap   total 39936K, used 33254K [0x00000000a0c00000, 0x0000000100000000)
  region size 1024K, 9 young (9216K), 2 survivors (2048K)
 Metaspace       used 49488K, committed 49728K, reserved 1114112K
  class space    used 5800K, committed 5888K, reserved 1048576K
}
Event: 20.251 GC heap after
{Heap after GC invocations=20 (full 0):
 garbage-first heap   total 39936K, used 28578K [0x00000000a0c00000, 0x0000000100000000)
  region size 1024K, 2 young (2048K), 2 survivors (2048K)
 Metaspace       used 49488K, committed 49728K, reserved 1114112K
  class space    used 5800K, committed 5888K, reserved 1048576K
}
Event: 20.510 GC heap before
{Heap before GC invocations=20 (full 0):
 garbage-first heap   total 39936K, used 34722K [0x00000000a0c00000, 0x0000000100000000)
  region size 1024K, 8 young (8192K), 2 survivors (2048K)
 Metaspace       used 49839K, committed 50112K, reserved 1114112K
  class space    used 5833K, committed 5952K, reserved 1048576K
}
Event: 20.520 GC heap after
{Heap after GC invocations=21 (full 0):
 garbage-first heap   total 50176K, used 30224K [0x00000000a0c00000, 0x0000000100000000)
  region size 1024K, 1 young (1024K), 1 survivors (1024K)
 Metaspace       used 49839K, committed 50112K, reserved 1114112K
  class space    used 5833K, committed 5952K, reserved 1048576K
}
Event: 20.798 GC heap before
{Heap before GC invocations=22 (full 0):
 garbage-first heap   total 51200K, used 42512K [0x00000000a0c00000, 0x0000000100000000)
  region size 1024K, 13 young (13312K), 1 survivors (1024K)
 Metaspace       used 49918K, committed 50176K, reserved 1114112K
  class space    used 5837K, committed 5952K, reserved 1048576K
}
Event: 20.810 GC heap after
{Heap after GC invocations=23 (full 0):
 garbage-first heap   total 51200K, used 35840K [0x00000000a0c00000, 0x0000000100000000)
  region size 1024K, 2 young (2048K), 2 survivors (2048K)
 Metaspace       used 49918K, committed 50176K, reserved 1114112K
  class space    used 5837K, committed 5952K, reserved 1048576K
}
Event: 21.144 GC heap before
{Heap before GC invocations=23 (full 0):
 garbage-first heap   total 51200K, used 44032K [0x00000000a0c00000, 0x0000000100000000)
  region size 1024K, 10 young (10240K), 2 survivors (2048K)
 Metaspace       used 49946K, committed 50176K, reserved 1114112K
  class space    used 5837K, committed 5952K, reserved 1048576K
}
Event: 21.155 GC heap after
{Heap after GC invocations=24 (full 0):
 garbage-first heap   total 51200K, used 38790K [0x00000000a0c00000, 0x0000000100000000)
  region size 1024K, 2 young (2048K), 2 survivors (2048K)
 Metaspace       used 49946K, committed 50176K, reserved 1114112K
  class space    used 5837K, committed 5952K, reserved 1048576K
}
Event: 22.304 GC heap before
{Heap before GC invocations=24 (full 0):
 garbage-first heap   total 51200K, used 44934K [0x00000000a0c00000, 0x0000000100000000)
  region size 1024K, 8 young (8192K), 2 survivors (2048K)
 Metaspace       used 51618K, committed 51904K, reserved 1114112K
  class space    used 6031K, committed 6144K, reserved 1048576K
}
Event: 22.311 GC heap after
{Heap after GC invocations=25 (full 0):
 garbage-first heap   total 51200K, used 40480K [0x00000000a0c00000, 0x0000000100000000)
  region size 1024K, 1 young (1024K), 1 survivors (1024K)
 Metaspace       used 51618K, committed 51904K, reserved 1114112K
  class space    used 6031K, committed 6144K, reserved 1048576K
}
Event: 22.828 GC heap before
{Heap before GC invocations=26 (full 0):
 garbage-first heap   total 68608K, used 44576K [0x00000000a0c00000, 0x0000000100000000)
  region size 1024K, 6 young (6144K), 1 survivors (1024K)
 Metaspace       used 53286K, committed 53568K, reserved 1114112K
  class space    used 6258K, committed 6400K, reserved 1048576K
}
Event: 22.832 GC heap after
{Heap after GC invocations=27 (full 0):
 garbage-first heap   total 68608K, used 40985K [0x00000000a0c00000, 0x0000000100000000)
  region size 1024K, 1 young (1024K), 1 survivors (1024K)
 Metaspace       used 53286K, committed 53568K, reserved 1114112K
  class space    used 6258K, committed 6400K, reserved 1048576K
}
Event: 23.981 GC heap before
{Heap before GC invocations=27 (full 0):
 garbage-first heap   total 68608K, used 55321K [0x00000000a0c00000, 0x0000000100000000)
  region size 1024K, 16 young (16384K), 1 survivors (1024K)
 Metaspace       used 56449K, committed 56768K, reserved 1114112K
  class space    used 6685K, committed 6848K, reserved 1048576K
}
Event: 23.990 GC heap after
{Heap after GC invocations=28 (full 0):
 garbage-first heap   total 68608K, used 43132K [0x00000000a0c00000, 0x0000000100000000)
  region size 1024K, 2 young (2048K), 2 survivors (2048K)
 Metaspace       used 56449K, committed 56768K, reserved 1114112K
  class space    used 6685K, committed 6848K, reserved 1048576K
}

